<?xml version="1.0" encoding="UTF-8"?>
<!-- Generated by org.testng.reporters.JUnitReportReporter -->
<testsuite skipped="0" hostname="ngreche" name="demo.TestNGGroupsDemo" tests="4" failures="0" timestamp="2020-02-25T16:12:59 WAT" time="0.015" errors="0">
  <testcase name="test2" time="0.002" classname="demo.TestNGGroupsDemo"/>
  <system-out/>
  <testcase name="test4" time="0.001" classname="demo.TestNGGroupsDemo"/>
  <system-out/>
  <testcase name="test1" time="0.011" classname="demo.TestNGGroupsDemo"/>
  <system-out/>
  <testcase name="test3" time="0.001" classname="demo.TestNGGroupsDemo"/>
  <system-out/>
</testsuite> <!-- demo.TestNGGroupsDemo -->
