<?xml version="1.0" encoding="UTF-8"?>
<!-- Generated by org.testng.reporters.JUnitReportReporter -->
<testsuite skipped="0" hostname="ngreche" name="utils.ExcelDataProvider" tests="3" failures="0" timestamp="2020-02-24T11:43:09 WAT" time="9.173" errors="0">
  <testcase name="test1" time="2.571" classname="utils.ExcelDataProvider"/>
  <system-out/>
  <testcase name="test1" time="2.549" classname="utils.ExcelDataProvider"/>
  <system-out/>
  <testcase name="test1" time="4.053" classname="utils.ExcelDataProvider"/>
  <system-out/>
</testsuite> <!-- utils.ExcelDataProvider -->
