<?xml version="1.0" encoding="UTF-8"?>
<!-- Generated by org.testng.reporters.JUnitReportReporter -->
<testsuite skipped="0" hostname="ngreche" name="SeleniumJavaFramework.SeleniumJavaFramework.test.TestNG_Demo2" tests="1" failures="0" timestamp="2020-02-18T13:42:01 WAT" time="6.035" errors="0">
  <testcase name="googleSearch2" time="6.035" classname="SeleniumJavaFramework.SeleniumJavaFramework.test.TestNG_Demo2"/>
  <system-out/>
</testsuite> <!-- SeleniumJavaFramework.SeleniumJavaFramework.test.TestNG_Demo2 -->
