<?xml version="1.0" encoding="UTF-8"?>
<!-- Generated by org.testng.reporters.JUnitReportReporter -->
<testsuite skipped="0" hostname="ngreche" name="demo.TestNGParametersDemo" tests="1" failures="0" timestamp="2020-02-25T15:35:12 WAT" time="0.010" errors="0">
  <testcase name="test" time="0.010" classname="demo.TestNGParametersDemo"/>
  <system-out/>
</testsuite> <!-- demo.TestNGParametersDemo -->
