<?xml version="1.0" encoding="UTF-8"?>
<!-- Generated by org.testng.reporters.JUnitReportReporter -->
<testsuite skipped="0" hostname="ngreche" name="demo.TestNGPriorityDemo" tests="3" failures="0" timestamp="2020-02-25T08:53:21 WAT" time="0.014" errors="0">
  <testcase name="three" time="0.002" classname="demo.TestNGPriorityDemo"/>
  <system-out/>
  <testcase name="two" time="0.001" classname="demo.TestNGPriorityDemo"/>
  <system-out/>
  <testcase name="one" time="0.011" classname="demo.TestNGPriorityDemo"/>
  <system-out/>
</testsuite> <!-- demo.TestNGPriorityDemo -->
