<?xml version="1.0" encoding="UTF-8"?>
<!-- Generated by org.testng.reporters.JUnitReportReporter -->
<testsuite skipped="0" hostname="ngreche" name="SeleniumJavaFramework.SeleniumJavaFramework.test.TestNG_Demo" tests="1" failures="0" timestamp="2020-02-19T10:06:43 WAT" time="4.889" errors="0">
  <testcase name="googleSearch" time="4.889" classname="SeleniumJavaFramework.SeleniumJavaFramework.test.TestNG_Demo"/>
  <system-out/>
</testsuite> <!-- SeleniumJavaFramework.SeleniumJavaFramework.test.TestNG_Demo -->
