<?xml version="1.0" encoding="UTF-8"?>
<!-- Generated by org.testng.reporters.JUnitReportReporter -->
<testsuite skipped="0" hostname="ngreche" name="demo.TestNGDependencyDemo" tests="3" failures="0" timestamp="2020-02-25T16:20:15 WAT" time="0.015" errors="0">
  <testcase name="test3" time="0.001" classname="demo.TestNGDependencyDemo"/>
  <system-out/>
  <testcase name="test2" time="0.013" classname="demo.TestNGDependencyDemo"/>
  <system-out/>
  <testcase name="test1" time="0.001" classname="demo.TestNGDependencyDemo"/>
  <system-out/>
</testsuite> <!-- demo.TestNGDependencyDemo -->
