<?xml version="1.0" encoding="UTF-8"?>
<!-- Generated by org.testng.reporters.JUnitReportReporter -->
<testsuite skipped="0" hostname="ngreche" name="SeleniumJavaFramework.SeleniumJavaFramework.test.ExtentReportsDemoWithTestNG" tests="2" failures="0" timestamp="2020-02-17T11:44:57 WAT" time="1.039" errors="0">
  <testcase name="test1" time="1.037" classname="SeleniumJavaFramework.SeleniumJavaFramework.test.ExtentReportsDemoWithTestNG"/>
  <system-out/>
  <testcase name="test2" time="0.002" classname="SeleniumJavaFramework.SeleniumJavaFramework.test.ExtentReportsDemoWithTestNG"/>
  <system-out/>
</testsuite> <!-- SeleniumJavaFramework.SeleniumJavaFramework.test.ExtentReportsDemoWithTestNG -->
